<?xml version="1.0" encoding="UTF-8"?>
<!-- Generated by org.testng.reporters.JUnitReportReporter -->
<testsuite hostname="jawad" failures="0" tests="6" name="com.TestNG.Car" time="0.039" errors="0" timestamp="2023-03-11T12:35:10 EST" skipped="1">
  <testcase classname="com.TestNG.Car" name="honda" time="0.003"/>
  <system-out/>
  <testcase classname="com.TestNG.Car" name="honda" time="0.010"/>
  <system-out/>
  <testcase classname="com.TestNG.Car" name="toyota" time="0.005"/>
  <system-out/>
  <testcase classname="com.TestNG.Car" name="porche" time="0.005"/>
  <system-out/>
  <testcase classname="com.TestNG.Car" name="mercedes" time="0.016"/>
  <system-out/>
  <testcase classname="com.TestNG.Car" name="BMW">
    <skipped/>
  </testcase> <!-- BMW -->
  <system-out/>
</testsuite> <!-- com.TestNG.Car -->
