<?xml version="1.0" encoding="UTF-8"?>
<!-- Generated by org.testng.reporters.JUnitReportReporter -->
<testsuite hostname="jawad" failures="0" tests="1" name="crossBrowserTesting.CrossBrowseTest" time="0.018" errors="0" timestamp="2023-03-11T18:05:53 EST" skipped="0">
  <testcase classname="crossBrowserTesting.CrossBrowseTest" name="test1" time="0.018"/>
  <system-out/>
</testsuite> <!-- crossBrowserTesting.CrossBrowseTest -->
