<?xml version="1.0" encoding="UTF-8"?>
<!-- Generated by org.testng.reporters.JUnitReportReporter -->
<testsuite hostname="jawad" failures="0" tests="1" name="com.TestNG.Home3" time="0.002" errors="0" timestamp="2023-03-11T12:35:10 EST" skipped="0">
  <testcase classname="com.TestNG.Home3" name="Pakcase3" time="0.002"/>
  <system-out/>
</testsuite> <!-- com.TestNG.Home3 -->
