<?xml version="1.0" encoding="UTF-8"?>
<!-- Generated by org.testng.reporters.JUnitReportReporter -->
<testsuite hostname="jawad" failures="0" tests="2" name="com.TestNG.Home4" time="0.015" errors="0" timestamp="2023-03-12T10:03:47 EDT" skipped="0">
  <testcase classname="com.TestNG.Home4" name="Home6" time="0.013"/>
  <system-out/>
  <testcase classname="com.TestNG.Home4" name="Pakcase4" time="0.002"/>
  <system-out/>
</testsuite> <!-- com.TestNG.Home4 -->
